<?xml version="1.0" encoding="utf-8"?><testsuites name="pytest tests"><testsuite name="pytest" errors="0" failures="0" skipped="0" tests="13" time="1.173" timestamp="2026-07-18T18:22:00.339709+10:00" hostname="nyx.foundryside.dev"><testcase classname="tests.unit.engine.test_processor.TestProcessRowNoTransforms" name="test_records_source_node_state" time="0.265" /><testcase classname="tests.unit.engine.test_processor.TestProcessRowNoTransforms" name="test_fenced_ingest_commits_source_completion_before_return" time="0.031" /><testcase classname="tests.unit.engine.test_processor.TestProcessRowNoTransforms" name="test_fenced_ingest_rolls_source_completion_back_with_scheduler_failure" time="0.025" /><testcase classname="tests.unit.engine.test_processor.TestProcessRowNoTransforms" name="test_source_completion_reconciliation_rejects_conflicting_state" time="0.030" /><testcase classname="tests.unit.engine.test_processor.TestProcessRowNoTransforms" name="test_source_completion_reconciliation_rejects_duplicate_claim_witness" time="0.037" /><testcase classname="tests.unit.engine.test_processor.TestProcessRowNoTransforms" name="test_source_completion_reconciliation_rejects_mismatched_work_item_witness" time="0.031" /><testcase classname="tests.unit.engine.test_processor.TestProcessRowNoTransforms" name="test_source_completion_reconciliation_rejects_later_attempt" time="0.029" /><testcase classname="tests.unit.engine.test_processor.TestProcessRowNoTransforms" name="test_source_completion_reconciliation_rejects_malformed_existing_state" time="0.030" /><testcase classname="tests.unit.engine.test_processor.TestProcessRowNoTransforms" name="test_source_completion_reconciliation_rejects_source_impossible_metadata[context_before_json-{}]" time="0.030" /><testcase classname="tests.unit.engine.test_processor.TestProcessRowNoTransforms" name="test_source_completion_reconciliation_rejects_source_impossible_metadata[context_after_json-{}]" time="0.037" /><testcase classname="tests.unit.engine.test_processor.TestProcessRowNoTransforms" name="test_source_completion_reconciliation_rejects_source_impossible_metadata[success_reason_json-{&quot;action&quot;:&quot;pass&quot;}]" time="0.029" /><testcase classname="tests.unit.engine.test_processor.TestProcessRowNoTransforms" name="test_source_completion_reconciliation_rejects_source_impossible_metadata[resume_checkpoint_id-checkpoint-impossible-for-source]" time="0.029" /><testcase classname="tests.e2e.recovery.test_concurrent_resume.TestMidClaimCrashResume" name="test_ts02_source_completion_gap_reconciles_once_before_plugin_execution" time="0.474" /></testsuite></testsuites>
