<?xml version="1.0" encoding="utf-8"?><testsuites name="pytest tests"><testsuite name="pytest" errors="0" failures="0" skipped="0" tests="38" time="2.626" timestamp="2026-07-18T18:21:18.639655+10:00" hostname="nyx.foundryside.dev"><testcase classname="tests.integration.pipeline.test_builtin_sink_effect_recovery" name="test_csv_mixed_primary_publishes_accepted_row_and_discards_exact_diversion" time="0.430" /><testcase classname="tests.integration.pipeline.test_builtin_sink_effect_recovery" name="test_csv_primary_routes_one_diversion_through_linked_json_failsink" time="0.173" /><testcase classname="tests.integration.pipeline.test_builtin_sink_effect_recovery" name="test_builtin_local_sink_response_loss_reconciles_without_duplicate_publication[csv]" time="0.104" /><testcase classname="tests.integration.pipeline.test_builtin_sink_effect_recovery" name="test_builtin_local_sink_response_loss_reconciles_without_duplicate_publication[json]" time="0.104" /><testcase classname="tests.integration.pipeline.test_builtin_sink_effect_recovery" name="test_builtin_local_sink_second_effect_classifies_only_current_members[csv]" time="0.125" /><testcase classname="tests.integration.pipeline.test_builtin_sink_effect_recovery" name="test_builtin_local_sink_second_effect_classifies_only_current_members[json]" time="0.123" /><testcase classname="tests.integration.pipeline.test_builtin_sink_effect_recovery" name="test_builtin_local_sink_second_effect_classifies_only_current_members[text]" time="0.121" /><testcase classname="tests.integration.pipeline.test_builtin_sink_effect_recovery" name="test_json_effect_thaws_nested_pipeline_rows_before_serialization" time="0.090" /><testcase classname="tests.integration.pipeline.test_builtin_sink_effect_recovery" name="test_all_diverted_csv_primary_is_virtual_no_publication_and_discards_deterministically" time="0.084" /><testcase classname="tests.unit.core.landscape.test_scheduler_repository_complete_barrier" name="test_complete_barrier_consumes_and_emits_atomically" time="0.042" /><testcase classname="tests.unit.core.landscape.test_scheduler_repository_complete_barrier" name="test_complete_barrier_refuses_partial_consumed_set" time="0.037" /><testcase classname="tests.unit.core.landscape.test_scheduler_repository_complete_barrier" name="test_complete_barrier_refuses_consumed_tokens_missing_from_blocked_set" time="0.035" /><testcase classname="tests.unit.core.landscape.test_scheduler_repository_complete_barrier" name="test_complete_barrier_crash_atomicity" time="0.039" /><testcase classname="tests.unit.core.landscape.test_scheduler_repository_complete_barrier" name="test_complete_barrier_passthrough_handoff_counts_toward_blocked_coverage" time="0.049" /><testcase classname="tests.unit.core.landscape.test_scheduler_repository_complete_barrier" name="test_complete_barrier_snapshot_equal_to_durable_is_n1_parity" time="0.145" /><testcase classname="tests.unit.core.landscape.test_scheduler_repository_complete_barrier" name="test_complete_barrier_late_arrival_outside_snapshot_stays_blocked" time="0.035" /><testcase classname="tests.unit.core.landscape.test_scheduler_repository_complete_barrier" name="test_complete_barrier_snapshot_minus_durable_is_tier1" time="0.032" /><testcase classname="tests.unit.core.landscape.test_scheduler_repository_complete_barrier" name="test_complete_barrier_consumed_outside_snapshot_is_tier1" time="0.032" /><testcase classname="tests.unit.core.landscape.test_scheduler_repository_complete_barrier" name="test_complete_barrier_handed_off_outside_snapshot_is_tier1" time="0.032" /><testcase classname="tests.unit.core.landscape.test_scheduler_repository_complete_barrier" name="test_complete_barrier_snapshot_orphan_within_snapshot_is_tier1" time="0.033" /><testcase classname="tests.unit.core.landscape.test_scheduler_repository_complete_barrier" name="test_complete_barrier_explicit_none_snapshot_is_durable_universe_exhaustiveness" time="0.043" /><testcase classname="tests.unit.core.landscape.test_scheduler_repository_complete_barrier" name="test_complete_barrier_leased_exclusion_token_id_parameter_is_deleted" time="0.036" /><testcase classname="tests.unit.core.landscape.test_scheduler_repository_complete_barrier" name="test_complete_barrier_emitted_ready_inserts_ready_rows_with_enqueue_events" time="0.038" /><testcase classname="tests.unit.core.landscape.test_scheduler_repository_complete_barrier" name="test_complete_barrier_rejects_duplicate_consumed_token_ids" time="0.032" /><testcase classname="tests.unit.core.landscape.test_scheduler_repository_complete_barrier" name="test_complete_barrier_rejects_consumed_token_also_emitted" time="0.032" /><testcase classname="tests.unit.core.landscape.test_scheduler_repository_complete_barrier" name="test_wrappers_delegate_preserving_legacy_partial_release" time="0.036" /><testcase classname="tests.unit.core.landscape.test_scheduler_repository_complete_barrier" name="test_complete_barrier_scope_row_id_isolates_coalesce_group" time="0.050" /><testcase classname="tests.unit.core.landscape.test_scheduler_repository_complete_barrier" name="test_complete_barrier_scoped_group_still_catches_cross_group_consumed_token" time="0.041" /><testcase classname="tests.unit.core.landscape.test_scheduler_repository_complete_barrier" name="test_complete_barrier_scoped_group_still_catches_uncovered_blocked_row" time="0.035" /><testcase classname="tests.unit.core.landscape.test_scheduler_repository_complete_barrier" name="test_complete_barrier_scope_row_id_requires_exhaustive_release" time="0.040" /><testcase classname="tests.unit.core.landscape.test_scheduler_repository_complete_barrier" name="test_complete_barrier_combined_lanes_one_call" time="0.040" /><testcase classname="tests.unit.core.landscape.test_scheduler_repository_complete_barrier" name="test_complete_barrier_scoped_coalesce_fire_emits_merged_ready_child" time="0.042" /><testcase classname="tests.unit.core.landscape.test_scheduler_repository_complete_barrier" name="test_complete_barrier_scoped_fire_rejects_emission_outside_scope_group" time="0.036" /><testcase classname="tests.unit.core.landscape.test_scheduler_repository_complete_barrier" name="test_complete_barrier_snapshot_requires_exhaustive_release" time="0.045" /><testcase classname="tests.unit.core.landscape.test_scheduler_repository_complete_barrier" name="test_complete_barrier_cross_group_snapshot_token_is_tier1" time="0.039" /><testcase classname="tests.unit.core.landscape.test_scheduler_repository_complete_barrier" name="test_complete_barrier_snapshot_isolates_sibling_coalesce_group" time="0.038" /><testcase classname="tests.unit.core.landscape.test_scheduler_repository_complete_barrier" name="test_mark_blocked_barrier_terminal_release_context_merged_into_event" time="0.038" /><testcase classname="tests.unit.core.landscape.test_scheduler_repository_complete_barrier" name="test_complete_barrier_rejects_duplicate_ready_emissions" time="0.036" /></testsuite></testsuites>
