<?xml version="1.0" encoding="utf-8"?><testsuites name="pytest tests"><testsuite name="pytest" errors="0" failures="0" skipped="0" tests="46" time="4.971" timestamp="2026-07-18T18:20:59.967722+10:00" hostname="nyx.foundryside.dev"><testcase classname="tests.unit.core.landscape.test_scheduler_fencing" name="test_ambiguous_optional_authority_helper_is_removed" time="0.188" /><testcase classname="tests.unit.core.landscape.test_scheduler_fencing" name="test_strict_helper_rejects_runtime_none_before_transaction" time="0.027" /><testcase classname="tests.unit.core.landscape.test_scheduler_fencing" name="test_strict_helper_type_contract_forbids_optional_authority" time="0.000" /><testcase classname="tests.unit.core.landscape.test_scheduler_fencing" name="test_barrier_wrapper_type_contract_requires_authority[terminal-journal]" time="0.000" /><testcase classname="tests.unit.core.landscape.test_scheduler_fencing" name="test_barrier_wrapper_type_contract_requires_authority[terminal-facade]" time="0.000" /><testcase classname="tests.unit.core.landscape.test_scheduler_fencing" name="test_barrier_wrapper_type_contract_requires_authority[pending-sink-journal]" time="0.000" /><testcase classname="tests.unit.core.landscape.test_scheduler_fencing" name="test_barrier_wrapper_type_contract_requires_authority[pending-sink-facade]" time="0.000" /><testcase classname="tests.unit.core.landscape.test_scheduler_fencing" name="test_strict_recovery_api_requires_non_optional_authority[SchedulerLeaseRepository]" time="0.000" /><testcase classname="tests.unit.core.landscape.test_scheduler_fencing" name="test_strict_recovery_api_requires_non_optional_authority[TokenSchedulerRepository]" time="0.000" /><testcase classname="tests.unit.core.landscape.test_scheduler_fencing" name="test_required_coordination_parameter_accepts_equivalent_annotations[alias]" time="0.000" /><testcase classname="tests.unit.core.landscape.test_scheduler_fencing" name="test_required_coordination_parameter_accepts_equivalent_annotations[qualified]" time="0.000" /><testcase classname="tests.unit.core.landscape.test_scheduler_fencing" name="test_required_coordination_parameter_rejects_wrong_runtime_binding" time="0.000" /><testcase classname="tests.unit.core.landscape.test_scheduler_fencing" name="test_legacy_recovery_api_is_explicitly_named_and_has_no_authority_selector[SchedulerLeaseRepository]" time="0.000" /><testcase classname="tests.unit.core.landscape.test_scheduler_fencing" name="test_legacy_recovery_api_is_explicitly_named_and_has_no_authority_selector[TokenSchedulerRepository]" time="0.000" /><testcase classname="tests.unit.core.landscape.test_scheduler_fencing" name="test_strict_helper_accepts_current_token_and_commits" time="0.023" /><testcase classname="tests.unit.core.landscape.test_scheduler_fencing" name="test_strict_helper_refuses_stale_token_without_payload_mutation" time="0.022" /><testcase classname="tests.unit.core.landscape.test_scheduler_fencing" name="test_recovery_specific_legacy_helper_is_plain_without_a_verb_selector" time="0.023" /><testcase classname="tests.unit.core.landscape.test_scheduler_fencing" name="test_legacy_helper_source_contract_detects_reference_mutations[bare-call]" time="0.000" /><testcase classname="tests.unit.core.landscape.test_scheduler_fencing" name="test_legacy_helper_source_contract_detects_reference_mutations[module-qualified-call]" time="0.000" /><testcase classname="tests.unit.core.landscape.test_scheduler_fencing" name="test_legacy_helper_source_contract_detects_reference_mutations[import-aliased-call]" time="0.000" /><testcase classname="tests.unit.core.landscape.test_scheduler_fencing" name="test_legacy_helper_source_contract_detects_reference_mutations[module-import-aliased-call]" time="0.000" /><testcase classname="tests.unit.core.landscape.test_scheduler_fencing" name="test_legacy_helper_source_contract_detects_reference_mutations[assigned-bare-alias-call]" time="0.000" /><testcase classname="tests.unit.core.landscape.test_scheduler_fencing" name="test_legacy_helper_source_contract_detects_reference_mutations[assigned-qualified-alias-call]" time="0.000" /><testcase classname="tests.unit.core.landscape.test_scheduler_fencing" name="test_legacy_helper_source_contract_detects_reference_mutations[bare-value-reference]" time="0.000" /><testcase classname="tests.unit.core.landscape.test_scheduler_fencing" name="test_legacy_helper_source_contract_detects_reference_mutations[qualified-value-reference]" time="0.000" /><testcase classname="tests.unit.core.landscape.test_scheduler_fencing" name="test_legacy_helper_reference_is_isolated_to_named_legacy_adapter_across_package" time="2.523" /><testcase classname="tests.unit.core.landscape.test_scheduler_fencing" name="test_production_sources_do_not_call_legacy_recovery_adapter" time="1.499" /><testcase classname="tests.unit.core.landscape.test_scheduler_fencing" name="test_scheduler_sources_have_no_optional_authority_transaction_selector" time="0.001" /><testcase classname="tests.unit.core.landscape.test_scheduler_fencing" name="test_generic_legacy_unfenced_write_selector_is_removed" time="0.000" /><testcase classname="tests.unit.core.landscape.test_scheduler_pending_sink_claim" name="test_claim_pending_sink_rejects_incomplete_bundle_without_mutation[empty-row-payload]" time="0.033" /><testcase classname="tests.unit.core.landscape.test_scheduler_pending_sink_claim" name="test_claim_pending_sink_rejects_incomplete_bundle_without_mutation[missing-sink-name]" time="0.030" /><testcase classname="tests.unit.core.landscape.test_scheduler_pending_sink_claim" name="test_claim_pending_sink_rejects_incomplete_bundle_without_mutation[empty-sink-name]" time="0.032" /><testcase classname="tests.unit.core.landscape.test_scheduler_pending_sink_claim" name="test_claim_pending_sink_rejects_incomplete_bundle_without_mutation[missing-outcome]" time="0.107" /><testcase classname="tests.unit.core.landscape.test_scheduler_pending_sink_claim" name="test_claim_pending_sink_rejects_incomplete_bundle_without_mutation[unknown-outcome]" time="0.031" /><testcase classname="tests.unit.core.landscape.test_scheduler_pending_sink_claim" name="test_claim_pending_sink_rejects_incomplete_bundle_without_mutation[missing-path]" time="0.034" /><testcase classname="tests.unit.core.landscape.test_scheduler_pending_sink_claim" name="test_claim_pending_sink_rejects_incomplete_bundle_without_mutation[unknown-path]" time="0.030" /><testcase classname="tests.unit.core.landscape.test_scheduler_pending_sink_claim" name="test_claim_pending_sink_rejects_incomplete_bundle_without_mutation[inconsistent-outcome-path]" time="0.030" /><testcase classname="tests.unit.core.landscape.test_scheduler_pending_sink_claim" name="test_claim_pending_sink_rejects_incomplete_bundle_without_mutation[on-error-missing-error-hash]" time="0.037" /><testcase classname="tests.unit.core.landscape.test_scheduler_pending_sink_claim" name="test_claim_pending_sink_rejects_incomplete_bundle_without_mutation[on-error-missing-error-message]" time="0.029" /><testcase classname="tests.unit.core.landscape.test_scheduler_pending_sink_claim" name="test_claim_pending_sink_rejects_incomplete_bundle_without_mutation[success-with-error-evidence]" time="0.029" /><testcase classname="tests.unit.core.landscape.test_scheduler_pending_sink_claim" name="test_claim_pending_sink_rejects_incomplete_bundle_without_mutation[coalesced-missing-join-identity]" time="0.029" /><testcase classname="tests.unit.core.landscape.test_scheduler_pending_sink_claim" name="test_claim_pending_sink_accepts_complete_legal_bundle[default-flow]" time="0.030" /><testcase classname="tests.unit.core.landscape.test_scheduler_pending_sink_claim" name="test_claim_pending_sink_accepts_complete_legal_bundle[gate-routed]" time="0.030" /><testcase classname="tests.unit.core.landscape.test_scheduler_pending_sink_claim" name="test_claim_pending_sink_accepts_complete_legal_bundle[on-error-routed]" time="0.035" /><testcase classname="tests.unit.core.landscape.test_scheduler_pending_sink_claim" name="test_claim_pending_sink_accepts_complete_legal_bundle[coalesced]" time="0.030" /><testcase classname="tests.unit.core.landscape.test_scheduler_pending_sink_claim" name="test_claim_pending_sink_update_rechecks_bundle_atomically" time="0.031" /></testsuite></testsuites>
