<?xml version="1.0" encoding="utf-8"?><testsuites name="pytest tests"><testsuite name="pytest" errors="0" failures="0" skipped="0" tests="30" time="1.128" timestamp="2026-07-18T17:56:23.578676+10:00" hostname="nyx.foundryside.dev"><testcase classname="tests.unit.core.landscape.test_scheduler_events" name="test_normal_dispositions_refuse_reclaimed_sink_redrive_without_mutation[mark_terminal]" time="0.229" /><testcase classname="tests.unit.core.landscape.test_scheduler_events" name="test_normal_dispositions_refuse_reclaimed_sink_redrive_without_mutation[mark_failed]" time="0.033" /><testcase classname="tests.unit.core.landscape.test_scheduler_events" name="test_normal_dispositions_refuse_reclaimed_sink_redrive_without_mutation[mark_blocked]" time="0.032" /><testcase classname="tests.unit.core.landscape.test_scheduler_events" name="test_normal_dispositions_refuse_reclaimed_sink_redrive_without_mutation[mark_pending_sink]" time="0.033" /><testcase classname="tests.unit.core.landscape.test_scheduler_events" name="test_transform_disposition_truth_table_commits_exact_row_event_and_branch_loss[TS-07]" time="0.028" /><testcase classname="tests.unit.core.landscape.test_scheduler_events" name="test_transform_disposition_truth_table_commits_exact_row_event_and_branch_loss[TS-08]" time="0.034" /><testcase classname="tests.unit.core.landscape.test_scheduler_events" name="test_transform_disposition_truth_table_commits_exact_row_event_and_branch_loss[TS-09]" time="0.027" /><testcase classname="tests.unit.core.landscape.test_scheduler_events" name="test_transform_disposition_truth_table_commits_exact_row_event_and_branch_loss[TS-10]" time="0.027" /><testcase classname="tests.unit.core.landscape.test_scheduler_events" name="test_transform_disposition_truth_table_refuses_stale_owner_without_mutation[TS-07]" time="0.027" /><testcase classname="tests.unit.core.landscape.test_scheduler_events" name="test_transform_disposition_truth_table_refuses_stale_owner_without_mutation[TS-08]" time="0.027" /><testcase classname="tests.unit.core.landscape.test_scheduler_events" name="test_transform_disposition_truth_table_refuses_stale_owner_without_mutation[TS-09]" time="0.028" /><testcase classname="tests.unit.core.landscape.test_scheduler_events" name="test_transform_disposition_truth_table_refuses_stale_owner_without_mutation[TS-10]" time="0.028" /><testcase classname="tests.unit.core.landscape.test_scheduler_events" name="test_transform_disposition_truth_table_refuses_departed_member_without_mutation[TS-07]" time="0.040" /><testcase classname="tests.unit.core.landscape.test_scheduler_events" name="test_transform_disposition_truth_table_refuses_departed_member_without_mutation[TS-08]" time="0.031" /><testcase classname="tests.unit.core.landscape.test_scheduler_events" name="test_transform_disposition_truth_table_refuses_departed_member_without_mutation[TS-09]" time="0.029" /><testcase classname="tests.unit.core.landscape.test_scheduler_events" name="test_transform_disposition_truth_table_refuses_departed_member_without_mutation[TS-10]" time="0.031" /><testcase classname="tests.unit.core.landscape.test_scheduler_events" name="test_transform_disposition_truth_table_rolls_back_when_event_insert_fails[TS-07]" time="0.028" /><testcase classname="tests.unit.core.landscape.test_scheduler_events" name="test_transform_disposition_truth_table_rolls_back_when_event_insert_fails[TS-08]" time="0.027" /><testcase classname="tests.unit.core.landscape.test_scheduler_events" name="test_transform_disposition_truth_table_rolls_back_when_event_insert_fails[TS-09]" time="0.028" /><testcase classname="tests.unit.core.landscape.test_scheduler_events" name="test_transform_disposition_truth_table_rolls_back_when_event_insert_fails[TS-10]" time="0.040" /><testcase classname="tests.unit.core.landscape.test_scheduler_events" name="test_branch_loss_failure_rolls_back_disposition_row_and_event[mark_terminal]" time="0.027" /><testcase classname="tests.unit.core.landscape.test_scheduler_events" name="test_branch_loss_failure_rolls_back_disposition_row_and_event[mark_failed]" time="0.027" /><testcase classname="tests.unit.core.landscape.test_scheduler_events" name="test_branch_loss_failure_rolls_back_disposition_row_and_event[mark_pending_sink]" time="0.028" /><testcase classname="tests.unit.core.landscape.test_scheduler_events" name="test_mark_blocked_refuses_missing_release_key_without_mutation" time="0.026" /><testcase classname="tests.unit.core.landscape.test_scheduler_events" name="test_mark_pending_sink_rejects_incomplete_bundle_without_mutation[empty-payload]" time="0.028" /><testcase classname="tests.unit.core.landscape.test_scheduler_events" name="test_mark_pending_sink_rejects_incomplete_bundle_without_mutation[empty-sink-name]" time="0.028" /><testcase classname="tests.unit.core.landscape.test_scheduler_events" name="test_mark_pending_sink_rejects_incomplete_bundle_without_mutation[illegal-outcome-path-pair]" time="0.038" /><testcase classname="tests.unit.core.landscape.test_scheduler_events" name="test_mark_pending_sink_rejects_incomplete_bundle_without_mutation[missing-error-hash]" time="0.027" /><testcase classname="tests.unit.core.landscape.test_scheduler_events" name="test_mark_pending_sink_rejects_incomplete_bundle_without_mutation[unexpected-error-hash]" time="0.027" /><testcase classname="tests.unit.core.landscape.test_scheduler_events" name="test_mark_pending_sink_rejects_incomplete_bundle_without_mutation[coalesced-without-join-group]" time="0.027" /></testsuite></testsuites>
